<?xml version="1.0" encoding="UTF-8"?>
<!-- Generated by org.testng.reporters.JUnitXMLReporter -->
<testsuite ignored="3" hostname="DESKTOP-VRBAL0D" failures="0" tests="1" name="Default test" time="19.642" errors="0" timestamp="2022-11-10T21:15:12 IST">
  <testcase classname="com.excelR.testcases.LoginPageTest" name="forgotPasswordTest" time="2.871"/>
  <testcase classname="com.excelR.testcases.LoginPageTest" name="validateLoginTest" time="0.0">
    <ignored/>
  </testcase> <!-- validateLoginTest -->
  <testcase classname="com.excelR.testcases.LoginPageTest" name="validateLogoTest" time="0.0">
    <ignored/>
  </testcase> <!-- validateLogoTest -->
  <testcase classname="com.excelR.testcases.LoginPageTest" name="validateTitleTest" time="0.0">
    <ignored/>
  </testcase> <!-- validateTitleTest -->
</testsuite> <!-- Default test -->
