<?xml version="1.0" encoding="UTF-8"?>
<testng-results ignored="3" total="4" passed="1" failed="0" skipped="0">
  <reporter-output>
  </reporter-output>
  <suite started-at="2022-11-10T21:14:53 IST" name="Default suite" finished-at="2022-11-10T21:15:12 IST" duration-ms="19642">
    <groups>
    </groups>
    <test started-at="2022-11-10T21:14:53 IST" name="Default test" finished-at="2022-11-10T21:15:12 IST" duration-ms="19642">
      <class name="com.excelR.testcases.LoginPageTest">
        <test-method is-config="true" signature="browserConfig()[pri:0, instance:com.excelR.testcases.LoginPageTest@543588e6]" started-at="2022-11-10T21:14:53 IST" name="browserConfig" finished-at="2022-11-10T21:15:08 IST" duration-ms="15912" status="PASS">
          <reporter-output>
          </reporter-output>
        </test-method> <!-- browserConfig -->
        <test-method signature="forgotPasswordTest()[pri:0, instance:com.excelR.testcases.LoginPageTest@543588e6]" started-at="2022-11-10T21:15:08 IST" name="forgotPasswordTest" finished-at="2022-11-10T21:15:11 IST" duration-ms="2871" status="PASS">
          <reporter-output>
          </reporter-output>
        </test-method> <!-- forgotPasswordTest -->
        <test-method is-config="true" signature="closeBrowser()[pri:0, instance:com.excelR.testcases.LoginPageTest@543588e6]" started-at="2022-11-10T21:15:11 IST" name="closeBrowser" finished-at="2022-11-10T21:15:12 IST" duration-ms="811" status="PASS">
          <reporter-output>
          </reporter-output>
        </test-method> <!-- closeBrowser -->
      </class> <!-- com.excelR.testcases.LoginPageTest -->
    </test> <!-- Default test -->
  </suite> <!-- Default suite -->
</testng-results>
